[INFO ] 2022-11-16 13:49:47.103 [main] StepDefi - Email Entered....
[INFO ] 2022-11-16 13:49:48.259 [main] StepDefi - PassWord Entered....
[INFO ] 2022-11-16 13:49:48.851 [main] StepDefi - Submit Button Clicked....
[INFO ] 2022-11-16 13:49:52.418 [main] StepDefi - Deny Button Clicked....
[INFO ] 2022-11-16 13:51:17.554 [main] StepDefi - Email Entered....
[INFO ] 2022-11-16 13:51:18.764 [main] StepDefi - PassWord Entered....
[INFO ] 2022-11-16 13:51:19.321 [main] StepDefi - Click Submit....
[INFO ] 2022-11-16 13:51:23.169 [main] StepDefi - Click Deny....
[INFO ] 2022-11-16 13:51:26.880 [main] StepDefi - Chat Button Clicked....
[INFO ] 2022-11-16 13:51:27.831 [main] StepDefi - Friend Selected....
[INFO ] 2022-11-16 13:51:29.115 [main] StepDefi - Messege Typed....
[INFO ] 2022-11-16 13:51:29.798 [main] StepDefi - Messege Sent....
[INFO ] 2022-11-18 13:08:16.500 [main] StepDefi - Email Entered....
[INFO ] 2022-11-18 13:08:17.699 [main] StepDefi - PassWord Entered....
[INFO ] 2022-11-18 13:08:18.238 [main] StepDefi - Click Submit....
[INFO ] 2022-11-18 13:08:21.210 [main] StepDefi - Click Deny....
[INFO ] 2022-11-18 13:09:24.215 [main] StepDefi - Email Entered....
[INFO ] 2022-11-18 13:09:25.426 [main] StepDefi - PassWord Entered....
[INFO ] 2022-11-18 13:09:26.044 [main] StepDefi - Click Submit....
[INFO ] 2022-11-18 13:09:28.973 [main] StepDefi - Click Deny....
[INFO ] 2022-11-18 13:52:46.407 [main] StepDefi - Email Entered....
[INFO ] 2022-11-18 13:52:47.559 [main] StepDefi - PassWord Entered....
[INFO ] 2022-11-18 13:52:51.401 [main] StepDefi - Click Submit....
[INFO ] 2022-11-18 13:52:51.507 [main] StepDefi - Click Deny....
[INFO ] 2022-11-18 13:52:54.070 [main] StepDefi - Chat Button Clicked....
[INFO ] 2022-11-18 13:52:55.604 [main] StepDefi - Friend Selected....
[INFO ] 2022-11-18 13:52:56.952 [main] StepDefi - Messege Typed....
[INFO ] 2022-11-18 13:52:57.659 [main] StepDefi - Messege Sent....
[INFO ] 2022-11-18 14:06:20.590 [main] StepDefi - Email Entered.....
[INFO ] 2022-11-18 14:08:06.784 [main] StepDefi - Email Entered....
[INFO ] 2022-11-18 14:08:08.052 [main] StepDefi - PassWord Entered....
[INFO ] 2022-11-18 14:08:08.674 [main] StepDefi - Click Submit....
[INFO ] 2022-11-18 14:08:11.448 [main] StepDefi - Click Deny....
[INFO ] 2022-11-19 19:51:02.447 [main] StepDefi - Email Entered.....
[INFO ] 2022-11-19 19:51:03.603 [main] StepDefi - Password Entered....
[INFO ] 2022-11-19 19:51:04.144 [main] StepDefi - Submit Button Entered.....
[INFO ] 2022-11-19 19:51:08.708 [main] StepDefi - Deny Button Entered....
[INFO ] 2022-11-19 19:51:20.179 [main] StepDefi - Notification Button Clicked....
[INFO ] 2022-11-19 19:51:20.182 [main] StepDefi - Notification Selected....
[INFO ] 2022-11-19 19:54:07.131 [main] StepDefi - Email Entered.....
[INFO ] 2022-11-19 19:54:08.282 [main] StepDefi - Password Entered....
[INFO ] 2022-11-19 19:54:08.875 [main] StepDefi - Submit Button Entered.....
[INFO ] 2022-11-19 19:54:12.546 [main] StepDefi - Deny Button Entered....
[INFO ] 2022-11-19 19:55:16.460 [main] StepDefi - Email Entered.....
[INFO ] 2022-11-19 19:55:17.616 [main] StepDefi - Password Entered....
[INFO ] 2022-11-19 19:55:18.231 [main] StepDefi - Submit Button Entered.....
[INFO ] 2022-11-19 19:55:21.801 [main] StepDefi - Deny Button Entered....
[INFO ] 2022-11-19 19:59:28.162 [main] StepDefi - Email Entered....
[INFO ] 2022-11-19 19:59:29.316 [main] StepDefi - PassWord Entered....
[INFO ] 2022-11-19 19:59:33.526 [main] StepDefi - Submit Button Clicked....
[INFO ] 2022-11-19 19:59:33.610 [main] StepDefi - Deny Button Clicked....
[INFO ] 2022-11-19 20:00:59.862 [main] StepDefi - Email Entered....
[INFO ] 2022-11-19 20:01:01.461 [main] StepDefi - PassWord Entered....
[INFO ] 2022-11-19 20:01:02.058 [main] StepDefi - Submit Button Clicked....
[INFO ] 2022-11-19 20:01:05.495 [main] StepDefi - Deny Button Clicked....
[INFO ] 2022-11-19 20:02:49.474 [main] StepDefi - Email Entered....
[INFO ] 2022-11-19 20:02:50.620 [main] StepDefi - PassWord Entered....
[INFO ] 2022-11-19 20:02:51.157 [main] StepDefi - Submit Button Clicked....
[INFO ] 2022-11-19 20:02:53.992 [main] StepDefi - Deny Button Clicked....
[INFO ] 2022-11-19 20:03:55.543 [main] StepDefi - Email Entered....
[INFO ] 2022-11-19 20:03:56.697 [main] StepDefi - PassWord Entered....
[INFO ] 2022-11-19 20:03:57.291 [main] StepDefi - Submit Button Clicked....
[INFO ] 2022-11-19 20:04:00.380 [main] StepDefi - Deny Button Clicked....
[INFO ] 2022-11-19 20:08:42.643 [main] StepDefi - Email Entered....
[INFO ] 2022-11-19 20:08:43.854 [main] StepDefi - PassWord Entered....
[INFO ] 2022-11-19 20:08:44.390 [main] StepDefi - Submit Button Clicked....
[INFO ] 2022-11-19 20:08:47.777 [main] StepDefi - Deny Button Clicked....
[INFO ] 2022-11-19 20:11:49.241 [main] StepDefi - Email Entered....
[INFO ] 2022-11-19 20:11:50.406 [main] StepDefi - PassWord Entered....
[INFO ] 2022-11-19 20:11:50.996 [main] StepDefi - Submit Button Clicked....
[INFO ] 2022-11-19 20:11:54.627 [main] StepDefi - Deny Button Clicked....
[INFO ] 2022-11-19 20:12:28.109 [main] StepDefi - Email Entered....
[INFO ] 2022-11-19 20:12:29.275 [main] StepDefi - PassWord Entered....
[INFO ] 2022-11-19 20:12:33.239 [main] StepDefi - Submit Button Clicked....
[INFO ] 2022-11-19 20:12:33.322 [main] StepDefi - Deny Button Clicked....
[INFO ] 2022-11-19 20:13:11.975 [main] StepDefi - Email Entered....
[INFO ] 2022-11-19 20:13:13.194 [main] StepDefi - PassWord Entered....
[INFO ] 2022-11-19 20:13:17.204 [main] StepDefi - Submit Button Clicked....
[INFO ] 2022-11-19 20:13:18.976 [main] StepDefi - Deny Button Clicked....
[INFO ] 2022-11-19 20:17:49.966 [main] StepDefi - Email Entered....
[INFO ] 2022-11-19 20:17:51.114 [main] StepDefi - PassWord Entered....
[INFO ] 2022-11-19 20:17:51.709 [main] StepDefi - Submit Button Clicked....
[INFO ] 2022-11-19 20:17:54.695 [main] StepDefi - Deny Button Clicked....
[INFO ] 2022-11-20 13:14:37.530 [main] AndroidTest - Email Entered....
[INFO ] 2022-11-20 13:14:38.714 [main] AndroidTest - PassWord Entered....
[INFO ] 2022-11-20 13:14:39.293 [main] AndroidTest - Click Submit....
[INFO ] 2022-11-20 13:14:41.991 [main] AndroidTest - Click Deny....
[INFO ] 2022-11-20 13:14:43.428 [main] AndroidTest - Chat Button Clicked....
[INFO ] 2022-11-20 13:14:44.559 [main] AndroidTest - Friend Selected....
[INFO ] 2022-11-20 13:14:45.297 [main] AndroidTest - Messege Typed....
[INFO ] 2022-11-20 13:14:46.008 [main] AndroidTest - Messege Sent....
[INFO ] 2022-11-21 08:11:49.086 [main] AndroidTest - Email Entered....
[INFO ] 2022-11-21 08:11:50.262 [main] AndroidTest - PassWord Entered....
[INFO ] 2022-11-21 08:11:50.855 [main] AndroidTest - Submit Button Clicked....
[INFO ] 2022-11-21 08:11:55.639 [main] AndroidTest - Deny Button Clicked....
[INFO ] 2022-11-25 12:45:16.761 [main] AndroidTest - Email Entered....
[INFO ] 2022-11-25 12:45:17.907 [main] AndroidTest - PassWord Entered....
[INFO ] 2022-11-25 12:45:18.500 [main] AndroidTest - Submit Button Clicked....
[INFO ] 2022-11-25 12:45:22.766 [main] AndroidTest - Deny Button Clicked....
[INFO ] 2022-11-25 13:00:28.669 [main] AndroidTest - Email Entered....
[INFO ] 2022-11-25 13:00:29.860 [main] AndroidTest - PassWord Entered....
[INFO ] 2022-11-25 13:00:30.397 [main] AndroidTest - Submit Button Clicked....
[INFO ] 2022-11-25 13:00:33.763 [main] AndroidTest - Deny Button Clicked....
[INFO ] 2022-11-25 20:10:31.937 [main] AndroidTest - Email Entered....
[INFO ] 2022-11-25 20:10:33.692 [main] AndroidTest - PassWord Entered....
[INFO ] 2022-11-25 20:10:39.797 [main] AndroidTest - Submit Button Clicked....
[INFO ] 2022-11-25 20:10:40.026 [main] AndroidTest - Deny Button Clicked....
[INFO ] 2022-12-01 15:32:17.137 [main] AndroidTest - Email Entered....
[INFO ] 2022-12-01 15:32:18.358 [main] AndroidTest - PassWord Entered....
[INFO ] 2022-12-01 15:32:18.979 [main] AndroidTest - Submit Button Clicked....
[INFO ] 2022-12-01 15:32:22.637 [main] AndroidTest - Deny Button Clicked....
[INFO ] 2022-12-01 16:12:21.772 [main] AndroidTest - Email Entered....
[INFO ] 2022-12-01 16:12:22.957 [main] AndroidTest - PassWord Entered....
[INFO ] 2022-12-01 16:12:23.533 [main] AndroidTest - Click Submit....
[INFO ] 2022-12-01 16:12:27.787 [main] AndroidTest - Click Deny....
[INFO ] 2022-12-01 23:48:10.082 [main] AndroidTest - Email Entered....
[INFO ] 2022-12-01 23:48:11.286 [main] AndroidTest - PassWord Entered....
[INFO ] 2022-12-01 23:48:11.824 [main] AndroidTest - Submit Button Clicked....
[INFO ] 2022-12-01 23:48:15.024 [main] AndroidTest - Deny Button Clicked....
[INFO ] 2022-12-02 00:13:03.730 [main] AndroidTest - Email Entered....
[INFO ] 2022-12-02 00:13:04.895 [main] AndroidTest - PassWord Entered....
[INFO ] 2022-12-02 00:13:07.958 [main] AndroidTest - Submit Button Clicked....
[INFO ] 2022-12-02 00:13:08.059 [main] AndroidTest - Deny Button Clicked....
[INFO ] 2022-12-02 00:16:56.492 [main] AndroidTest - Email Entered....
[INFO ] 2022-12-02 00:16:57.648 [main] AndroidTest - PassWord Entered....
[INFO ] 2022-12-02 00:16:58.242 [main] AndroidTest - Submit Button Clicked....
[INFO ] 2022-12-02 00:17:00.910 [main] AndroidTest - Deny Button Clicked....
[INFO ] 2022-12-02 00:18:33.559 [main] AndroidTest - Email Entered....
[INFO ] 2022-12-02 00:18:34.710 [main] AndroidTest - PassWord Entered....
[INFO ] 2022-12-02 00:18:35.292 [main] AndroidTest - Submit Button Clicked....
[INFO ] 2022-12-02 00:18:38.991 [main] AndroidTest - Deny Button Clicked....
[INFO ] 2022-12-02 00:19:53.812 [main] AndroidTest - Email Entered....
[INFO ] 2022-12-02 00:19:54.965 [main] AndroidTest - PassWord Entered....
[INFO ] 2022-12-02 00:19:55.538 [main] AndroidTest - Submit Button Clicked....
[INFO ] 2022-12-02 00:19:58.706 [main] AndroidTest - Deny Button Clicked....
[INFO ] 2022-12-02 00:21:39.831 [main] AndroidTest - Email Entered....
[INFO ] 2022-12-02 00:21:40.984 [main] AndroidTest - PassWord Entered....
[INFO ] 2022-12-02 00:21:41.523 [main] AndroidTest - Submit Button Clicked....
[INFO ] 2022-12-02 00:21:43.943 [main] AndroidTest - Deny Button Clicked....
[INFO ] 2022-12-02 00:23:40.197 [main] AndroidTest - Email Entered....
[INFO ] 2022-12-02 00:23:41.353 [main] AndroidTest - PassWord Entered....
[INFO ] 2022-12-02 00:23:41.887 [main] AndroidTest - Submit Button Clicked....
[INFO ] 2022-12-02 00:23:44.755 [main] AndroidTest - Deny Button Clicked....
[INFO ] 2022-12-02 00:27:32.267 [main] AndroidTest - Email Entered....
[INFO ] 2022-12-02 00:27:33.459 [main] AndroidTest - PassWord Entered....
[INFO ] 2022-12-02 00:27:34.038 [main] AndroidTest - Submit Button Clicked....
[INFO ] 2022-12-02 00:27:36.323 [main] AndroidTest - Deny Button Clicked....
[INFO ] 2022-12-02 00:28:44.785 [main] AndroidTest - Email Entered....
[INFO ] 2022-12-02 00:28:45.981 [main] AndroidTest - PassWord Entered....
[INFO ] 2022-12-02 00:28:46.572 [main] AndroidTest - Submit Button Clicked....
[INFO ] 2022-12-02 00:28:49.558 [main] AndroidTest - Deny Button Clicked....
[INFO ] 2022-12-02 00:29:49.226 [main] AndroidTest - Email Entered....
[INFO ] 2022-12-02 00:29:50.379 [main] AndroidTest - PassWord Entered....
[INFO ] 2022-12-02 00:29:50.957 [main] AndroidTest - Submit Button Clicked....
[INFO ] 2022-12-02 00:29:53.424 [main] AndroidTest - Deny Button Clicked....
[INFO ] 2022-12-02 00:30:25.892 [main] AndroidTest - Email Entered....
[INFO ] 2022-12-02 00:30:27.050 [main] AndroidTest - PassWord Entered....
[INFO ] 2022-12-02 00:30:27.641 [main] AndroidTest - Submit Button Clicked....
[INFO ] 2022-12-02 00:30:30.208 [main] AndroidTest - Deny Button Clicked....
[INFO ] 2022-12-02 00:34:17.795 [main] AndroidTest - Email Entered....
[INFO ] 2022-12-02 00:34:18.980 [main] AndroidTest - PassWord Entered....
[INFO ] 2022-12-02 00:34:19.576 [main] AndroidTest - Submit Button Clicked....
[INFO ] 2022-12-02 00:34:22.390 [main] AndroidTest - Deny Button Clicked....
[INFO ] 2022-12-02 00:35:34.225 [main] AndroidTest - Email Entered....
[INFO ] 2022-12-02 00:35:35.381 [main] AndroidTest - PassWord Entered....
[INFO ] 2022-12-02 00:35:35.960 [main] AndroidTest - Submit Button Clicked....
[INFO ] 2022-12-02 00:35:38.459 [main] AndroidTest - Deny Button Clicked....
[INFO ] 2022-12-02 07:59:57.311 [main] AndroidTest - Email Entered....
[INFO ] 2022-12-02 07:59:58.512 [main] AndroidTest - PassWord Entered....
[INFO ] 2022-12-02 07:59:59.067 [main] AndroidTest - Submit Button Clicked....
[INFO ] 2022-12-02 08:00:02.613 [main] AndroidTest - Deny Button Clicked....
[INFO ] 2022-12-02 08:02:26.017 [main] AndroidTest - Email Entered....
[INFO ] 2022-12-02 08:02:27.239 [main] AndroidTest - PassWord Entered....
[INFO ] 2022-12-02 08:02:27.833 [main] AndroidTest - Submit Button Clicked....
[INFO ] 2022-12-02 08:02:31.163 [main] AndroidTest - Deny Button Clicked....
[INFO ] 2022-12-02 19:35:56.823 [main] AndroidTest - Email Entered....
[INFO ] 2022-12-02 19:35:58.022 [main] AndroidTest - PassWord Entered....
[INFO ] 2022-12-02 19:35:58.624 [main] AndroidTest - Submit Button Clicked....
[INFO ] 2022-12-02 19:36:02.079 [main] AndroidTest - Deny Button Clicked....
[INFO ] 2022-12-02 19:36:38.481 [main] AndroidTest - Email Entered....
[INFO ] 2022-12-02 19:36:39.629 [main] AndroidTest - PassWord Entered....
[INFO ] 2022-12-02 19:36:40.207 [main] AndroidTest - Submit Button Clicked....
[INFO ] 2022-12-02 19:36:42.809 [main] AndroidTest - Deny Button Clicked....
[INFO ] 2022-12-02 19:37:14.857 [main] AndroidTest - Email Entered....
[INFO ] 2022-12-02 19:37:16.013 [main] AndroidTest - PassWord Entered....
[INFO ] 2022-12-02 19:37:16.608 [main] AndroidTest - Submit Button Clicked....
[INFO ] 2022-12-02 19:37:21.778 [main] AndroidTest - Deny Button Clicked....
[INFO ] 2022-12-02 19:39:04.845 [main] AndroidTest - Email Entered....
[INFO ] 2022-12-02 19:39:05.998 [main] AndroidTest - PassWord Entered....
[INFO ] 2022-12-02 19:39:06.575 [main] AndroidTest - Submit Button Clicked....
[INFO ] 2022-12-02 19:39:09.872 [main] AndroidTest - Deny Button Clicked....
[INFO ] 2022-12-02 19:48:25.906 [main] AndroidTest - Email Entered....
[INFO ] 2022-12-02 19:48:27.066 [main] AndroidTest - PassWord Entered....
[INFO ] 2022-12-02 19:48:27.640 [main] AndroidTest - Submit Button Clicked....
[INFO ] 2022-12-02 19:48:30.980 [main] AndroidTest - Deny Button Clicked....
[INFO ] 2022-12-02 19:49:33.423 [main] AndroidTest - Email Entered....
[INFO ] 2022-12-02 19:49:34.563 [main] AndroidTest - PassWord Entered....
[INFO ] 2022-12-02 19:49:35.141 [main] AndroidTest - Submit Button Clicked....
[INFO ] 2022-12-02 19:49:38.211 [main] AndroidTest - Deny Button Clicked....
[INFO ] 2022-12-02 19:52:57.168 [main] AndroidTest - Email Entered....
[INFO ] 2022-12-02 19:52:58.322 [main] AndroidTest - PassWord Entered....
[INFO ] 2022-12-02 19:52:58.861 [main] AndroidTest - Submit Button Clicked....
[INFO ] 2022-12-02 19:53:02.145 [main] AndroidTest - Deny Button Clicked....
[INFO ] 2022-12-02 19:54:17.642 [main] AndroidTest - Email Entered....
[INFO ] 2022-12-02 19:54:18.797 [main] AndroidTest - PassWord Entered....
[INFO ] 2022-12-02 19:54:19.376 [main] AndroidTest - Submit Button Clicked....
[INFO ] 2022-12-02 19:54:23.442 [main] AndroidTest - Deny Button Clicked....
[INFO ] 2022-12-02 19:55:25.785 [main] AndroidTest - Email Entered....
[INFO ] 2022-12-02 19:55:26.938 [main] AndroidTest - PassWord Entered....
[INFO ] 2022-12-02 19:55:27.473 [main] AndroidTest - Submit Button Clicked....
[INFO ] 2022-12-02 19:55:30.713 [main] AndroidTest - Deny Button Clicked....
[INFO ] 2022-12-02 19:57:33.982 [main] AndroidTest - Email Entered....
[INFO ] 2022-12-02 19:57:35.137 [main] AndroidTest - PassWord Entered....
[INFO ] 2022-12-02 19:57:35.696 [main] AndroidTest - Submit Button Clicked....
[INFO ] 2022-12-02 19:57:38.708 [main] AndroidTest - Deny Button Clicked....
[INFO ] 2022-12-02 19:58:31.035 [main] AndroidTest - Email Entered....
[INFO ] 2022-12-02 19:58:32.228 [main] AndroidTest - PassWord Entered....
[INFO ] 2022-12-02 19:58:32.814 [main] AndroidTest - Submit Button Clicked....
[INFO ] 2022-12-02 19:58:36.410 [main] AndroidTest - Deny Button Clicked....
[INFO ] 2022-12-02 19:59:19.787 [main] AndroidTest - Email Entered....
[INFO ] 2022-12-02 19:59:20.988 [main] AndroidTest - PassWord Entered....
[INFO ] 2022-12-02 19:59:21.542 [main] AndroidTest - Submit Button Clicked....
[INFO ] 2022-12-02 19:59:25.296 [main] AndroidTest - Deny Button Clicked....
[INFO ] 2022-12-03 07:03:30.336 [main] AndroidTest - Email Entered....
[INFO ] 2022-12-03 07:03:31.492 [main] AndroidTest - PassWord Entered....
[INFO ] 2022-12-03 07:03:32.098 [main] AndroidTest - Submit Button Clicked....
[INFO ] 2022-12-03 07:03:35.768 [main] AndroidTest - Deny Button Clicked....
[INFO ] 2022-12-08 23:38:34.735 [main] AndroidTest - Email Entered....
[INFO ] 2022-12-08 23:38:35.947 [main] AndroidTest - PassWord Entered....
[INFO ] 2022-12-08 23:38:36.082 [main] AndroidTest - Submit Button Clicked....
[INFO ] 2022-12-08 23:38:46.542 [main] AndroidTest - Deny Button Clicked....
[INFO ] 2022-12-11 20:55:46.089 [main] AndroidTest - Email Entered....
[INFO ] 2022-12-11 20:55:47.007 [main] AndroidTest - PassWord Entered....
[INFO ] 2022-12-11 20:55:47.600 [main] AndroidTest - Submit Button Clicked....
[INFO ] 2022-12-11 20:56:33.772 [main] AndroidTest - Email Entered....
[INFO ] 2022-12-11 20:56:41.995 [main] AndroidTest - PassWord Entered....
[INFO ] 2022-12-11 20:56:42.892 [main] AndroidTest - Submit Button Clicked....
[INFO ] 2022-12-11 20:56:49.475 [main] AndroidTest - Deny Button Clicked....
[INFO ] 2022-12-11 20:57:41.772 [main] AndroidTest - Email Entered....
[INFO ] 2022-12-11 20:57:46.658 [main] AndroidTest - PassWord Entered....
[INFO ] 2022-12-11 20:57:47.663 [main] AndroidTest - Submit Button Clicked....
[INFO ] 2022-12-11 20:57:51.111 [main] AndroidTest - Deny Button Clicked....
[INFO ] 2022-12-11 20:59:11.210 [main] AndroidTest - Email Entered....
[INFO ] 2022-12-11 20:59:14.935 [main] AndroidTest - PassWord Entered....
[INFO ] 2022-12-11 20:59:15.492 [main] AndroidTest - Submit Button Clicked....
[INFO ] 2022-12-11 20:59:18.009 [main] AndroidTest - Deny Button Clicked....
[INFO ] 2022-12-11 21:00:21.610 [main] AndroidTest - Email Entered....
[INFO ] 2022-12-11 21:00:24.354 [main] AndroidTest - PassWord Entered....
[INFO ] 2022-12-11 21:00:24.892 [main] AndroidTest - Submit Button Clicked....
[INFO ] 2022-12-11 21:00:27.779 [main] AndroidTest - Deny Button Clicked....
